2025-08-30 20:26:17,374 [INFO] Activator:176 - 


2025-08-30 20:26:17,374 [INFO] Activator:177 - !SESSION log4j initialized
2025-08-30 20:26:19,745 [INFO] LogOutputStream:77 - [STDOUT_REDIRECT] 
2025-08-30 20:26:26,785 [INFO] ApplicationProperties:184 - Using Application install path: C:\ST\STM32CubeIDE_1.10.1\STM32CubeIDE\plugins\com.st.stm32cube.common.mx_6.14.1.202504091515
2025-08-30 20:26:26,809 [INFO] DbMcusXml:78 - Set database path to: C:\ST\STM32CubeIDE_1.10.1\STM32CubeIDE\plugins\com.st.stm32cube.common.mx_6.14.1.202504091515\\db\/mcu/
2025-08-30 20:26:26,810 [INFO] ApiDb:274 - Set plugin database path to: C:\ST\STM32CubeIDE_1.10.1\STM32CubeIDE\plugins\com.st.stm32cube.common.mx_6.14.1.202504091515\\db\/plugins/boardmanager/
2025-08-30 20:26:26,811 [WARN] ApiDb:259 - Overriding images path with different value:  => C:\ST\STM32CubeIDE_1.10.1\STM32CubeIDE\plugins\com.st.stm32cube.common.mx_6.14.1.202504091515\\db\/plugins/mcufinder/images/
2025-08-30 20:26:26,819 [INFO] ApiDb:250 - Set database path to: C:\Users\ydridi\.stmcufinder\plugins\mcufinder//mcu/
2025-08-30 20:26:26,820 [INFO] DbMcusAds:125 - Set database path to: C:\Users\ydridi\.stmcufinder\plugins\mcufinder//mcu/
2025-08-30 20:26:26,823 [INFO] CrossReferenceDbSqlite:203 - Set database path to: C:\Users\ydridi\.stmcufinder\plugins\mcufinder//mcu/cs/
2025-08-30 20:26:26,970 [INFO] RulesReader:64 - Compatibility file has been processed (302 Rules)
2025-08-30 20:26:27,109 [INFO] DbMcusXml:78 - Set database path to: C:\ST\STM32CubeIDE_1.10.1\STM32CubeIDE\plugins\com.st.stm32cube.common.mx_6.14.1.202504091515\\db\/mcu/
2025-08-30 20:26:27,110 [INFO] ApiDb:274 - Set plugin database path to: C:\ST\STM32CubeIDE_1.10.1\STM32CubeIDE\plugins\com.st.stm32cube.common.mx_6.14.1.202504091515\\db\/plugins/boardmanager/
2025-08-30 20:26:27,110 [INFO] ApiDb:261 - Set plugin images path to: C:\ST\STM32CubeIDE_1.10.1\STM32CubeIDE\plugins\com.st.stm32cube.common.mx_6.14.1.202504091515\\db\/plugins/mcufinder/images/
2025-08-30 20:26:27,110 [WARN] DbFile:41 - Overriding database path with different value: C:\Users\ydridi\.stmcufinder\plugins\mcufinder/ => C:\Users\ydridi\.stmcufinder\plugins\mcufinder
2025-08-30 20:26:27,110 [INFO] ApiDb:250 - Set database path to: C:\Users\ydridi\.stmcufinder\plugins\mcufinder//mcu/
2025-08-30 20:26:27,110 [WARN] DbFile:41 - Overriding database path with different value: C:\Users\ydridi\.stmcufinder\plugins\mcufinder/ => C:\Users\ydridi\.stmcufinder\plugins\mcufinder
2025-08-30 20:26:27,110 [INFO] DbMcusAds:125 - Set database path to: C:\Users\ydridi\.stmcufinder\plugins\mcufinder//mcu/
2025-08-30 20:26:27,111 [WARN] DbFile:41 - Overriding database path with different value: C:\Users\ydridi\.stmcufinder\plugins\mcufinder/ => C:\Users\ydridi\.stmcufinder\plugins\mcufinder
2025-08-30 20:26:27,111 [WARN] DbFile:41 - Overriding database path with different value: C:\Users\ydridi\.stmcufinder\plugins\mcufinder/ => C:\Users\ydridi\.stmcufinder\plugins\mcufinder
2025-08-30 20:26:27,111 [INFO] CrossReferenceDbSqlite:203 - Set database path to: C:\Users\ydridi\.stmcufinder\plugins\mcufinder//mcu/cs/
2025-08-30 20:26:27,216 [INFO] MainPanel:272 - HeapMemory: 268435456
2025-08-30 20:26:27,318 [INFO] DbMcusXml:78 - Set database path to: C:\ST\STM32CubeIDE_1.10.1\STM32CubeIDE\plugins\com.st.stm32cube.common.mx_6.14.1.202504091515\\db\/mcu/
2025-08-30 20:26:27,318 [INFO] ApiDb:274 - Set plugin database path to: C:\ST\STM32CubeIDE_1.10.1\STM32CubeIDE\plugins\com.st.stm32cube.common.mx_6.14.1.202504091515\\db\/plugins/boardmanager/
2025-08-30 20:26:27,318 [INFO] ApiDb:261 - Set plugin images path to: C:\ST\STM32CubeIDE_1.10.1\STM32CubeIDE\plugins\com.st.stm32cube.common.mx_6.14.1.202504091515\\db\/plugins/mcufinder/images/
2025-08-30 20:26:27,319 [WARN] DbFile:41 - Overriding database path with different value: C:\Users\ydridi\.stmcufinder\plugins\mcufinder/ => C:\Users\ydridi\.stmcufinder\plugins\mcufinder
2025-08-30 20:26:27,319 [INFO] ApiDb:250 - Set database path to: C:\Users\ydridi\.stmcufinder\plugins\mcufinder//mcu/
2025-08-30 20:26:27,319 [WARN] DbFile:41 - Overriding database path with different value: C:\Users\ydridi\.stmcufinder\plugins\mcufinder/ => C:\Users\ydridi\.stmcufinder\plugins\mcufinder
2025-08-30 20:26:27,319 [INFO] DbMcusAds:125 - Set database path to: C:\Users\ydridi\.stmcufinder\plugins\mcufinder//mcu/
2025-08-30 20:26:27,319 [WARN] DbFile:41 - Overriding database path with different value: C:\Users\ydridi\.stmcufinder\plugins\mcufinder/ => C:\Users\ydridi\.stmcufinder\plugins\mcufinder
2025-08-30 20:26:27,319 [WARN] DbFile:41 - Overriding database path with different value: C:\Users\ydridi\.stmcufinder\plugins\mcufinder/ => C:\Users\ydridi\.stmcufinder\plugins\mcufinder
2025-08-30 20:26:27,319 [INFO] CrossReferenceDbSqlite:203 - Set database path to: C:\Users\ydridi\.stmcufinder\plugins\mcufinder//mcu/cs/
2025-08-30 20:26:27,346 [INFO] ApplicationProperties:184 - Using Application install path: C:\ST\STM32CubeIDE_1.10.1\STM32CubeIDE\plugins\com.st.stm32cube.common.mx_6.14.1.202504091515
2025-08-30 20:26:27,348 [INFO] PluginManage:196 - Search for loadable plugins [exclusion list=, ]
2025-08-30 20:26:27,351 [INFO] PluginManage:310 - Check plugin analytics
2025-08-30 20:26:27,570 [INFO] AnalyticsPlugin:253 - Accepted Software Licenses: 
2025-08-30 20:26:27,570 [INFO] AnalyticsPlugin:255 - Accepted CMSIS Pack Licenses: 
2025-08-30 20:26:27,571 [INFO] AnalyticsPlugin:257 - Accepted Firmware Licenses: FW.U3.1.1.0,FW.F7.1.17.0,FW.H7.1.12.0,FW.L4.1.18.0,FW.F4.1.28.0
2025-08-30 20:26:27,574 [INFO] PluginManage:359 - Loaded plugin analytics (category:tool,tabindex:-1)
2025-08-30 20:26:27,575 [INFO] PluginManage:310 - Check plugin cadmodel
2025-08-30 20:26:27,580 [INFO] CADModel:105 - Init CAD model plugin
2025-08-30 20:26:27,580 [INFO] PluginManage:359 - Loaded plugin cadmodel (category:power,tabindex:5)
2025-08-30 20:26:27,581 [INFO] PluginManage:310 - Check plugin clock
2025-08-30 20:26:27,593 [INFO] PluginManage:359 - Loaded plugin clock (category:base,tabindex:2)
2025-08-30 20:26:27,593 [INFO] PluginManage:310 - Check plugin ddr
2025-08-30 20:26:27,596 [INFO] PluginManage:359 - Loaded plugin ddr (category:tool,tabindex:6)
2025-08-30 20:26:27,597 [INFO] PluginManage:310 - Check plugin filemanager
2025-08-30 20:26:27,759 [INFO] PluginManage:359 - Loaded plugin filemanager (category:base,tabindex:10)
2025-08-30 20:26:27,760 [INFO] PluginManage:310 - Check plugin ipmanager
2025-08-30 20:26:27,772 [INFO] PluginManage:359 - Loaded plugin ipmanager (category:base,tabindex:5)
2025-08-30 20:26:27,772 [INFO] PluginManage:310 - Check plugin lpbam
2025-08-30 20:26:27,782 [INFO] PluginManage:359 - Loaded plugin lpbam (category:base,tabindex:0)
2025-08-30 20:26:27,783 [INFO] PluginManage:310 - Check plugin memorymap
2025-08-30 20:26:27,795 [INFO] PluginManage:359 - Loaded plugin memorymap (category:base,tabindex:4)
2025-08-30 20:26:27,796 [INFO] PluginManage:310 - Check plugin pinoutandconfiguration
2025-08-30 20:26:27,805 [INFO] PluginManage:359 - Loaded plugin pinoutandconfiguration (category:base,tabindex:1)
2025-08-30 20:26:27,805 [INFO] PluginManage:310 - Check plugin pinoutconfig
2025-08-30 20:26:27,905 [WARN] SupportedApi:132 - Cannot load RTOS API schema: s4s-elt-must-match.1: The content of 'definitions' must match (annotation?, (simpleType | complexType)?, (unique | key | keyref)*)). A problem was found starting at: attribute.
2025-08-30 20:26:28,124 [INFO] PluginManage:359 - Loaded plugin pinoutconfig (category:base,tabindex:0)
2025-08-30 20:26:28,124 [INFO] PluginManage:310 - Check plugin power
2025-08-30 20:26:28,133 [INFO] PluginManage:359 - Loaded plugin power (category:power,tabindex:4)
2025-08-30 20:26:28,133 [INFO] PluginManage:310 - Check plugin projectmanager
2025-08-30 20:26:28,154 [INFO] PluginManage:359 - Loaded plugin projectmanager (category:projectmanager,tabindex:4)
2025-08-30 20:26:28,154 [INFO] PluginManage:310 - Check plugin rif
2025-08-30 20:26:28,163 [INFO] PluginManage:359 - Loaded plugin rif (category:base,tabindex:3)
2025-08-30 20:26:28,164 [INFO] PluginManage:310 - Check plugin thirdparty
2025-08-30 20:26:28,300 [INFO] PluginManage:359 - Loaded plugin thirdparty (category:base,tabindex:-1)
2025-08-30 20:26:28,301 [INFO] PluginManage:310 - Check plugin tools
2025-08-30 20:26:28,300 [WARN] IntegrityCheckThread:84 - waiting for thirdparty lock release [integrity check]
2025-08-30 20:26:28,301 [INFO] IntegrityCheckThread:86 - entering critical section [integrity check]
2025-08-30 20:26:28,301 [INFO] ThirdPartyUpdaterWithRetryManager:70 - Updater plugin not ready yet. [1/15]
2025-08-30 20:26:28,303 [INFO] PluginManage:359 - Loaded plugin tools (category:base,tabindex:7)
2025-08-30 20:26:28,304 [INFO] PluginManage:310 - Check plugin tutovideos
2025-08-30 20:26:28,524 [INFO] PluginManage:359 - Loaded plugin tutovideos (category:base,tabindex:-1)
2025-08-30 20:26:28,524 [INFO] PluginManage:310 - Check plugin updater
2025-08-30 20:26:28,546 [INFO] PluginManage:359 - Loaded plugin updater (category:base,tabindex:12)
2025-08-30 20:26:28,547 [INFO] PluginManage:310 - Check plugin userauth
2025-08-30 20:26:28,550 [INFO] UserAuth:118 - Init User Auth plugin
2025-08-30 20:26:28,551 [INFO] PluginManage:359 - Loaded plugin userauth (category:base,tabindex:14)
2025-08-30 20:26:28,552 [INFO] PluginManage:283 - PluginManage : Loaded plugins [18]
2025-08-30 20:26:28,890 [INFO] PinOutPanel:1589 - setPackage(No Configuration,No Configuration)
2025-08-30 20:26:29,047 [INFO] CADModel:165 - CPN selected for project level
2025-08-30 20:26:29,048 [INFO] CADModel:114 - Register for checkConnection events
2025-08-30 20:26:29,073 [INFO] IPUIPlugin:80 - create IPUIPlugin
2025-08-30 20:26:29,074 [INFO] PluginManager:220 - loadIPPluginJar : add adc
2025-08-30 20:26:29,096 [INFO] IPUIPlugin:80 - create IPUIPlugin
2025-08-30 20:26:29,097 [INFO] PluginManager:220 - loadIPPluginJar : add aes
2025-08-30 20:26:29,104 [INFO] IPUIPlugin:80 - create IPUIPlugin
2025-08-30 20:26:29,104 [INFO] PluginManager:220 - loadIPPluginJar : add can
2025-08-30 20:26:29,107 [INFO] IPUIPlugin:80 - create IPUIPlugin
2025-08-30 20:26:29,107 [INFO] PluginManager:220 - loadIPPluginJar : add comp
2025-08-30 20:26:29,111 [INFO] IPUIPlugin:80 - create IPUIPlugin
2025-08-30 20:26:29,111 [INFO] PluginManager:220 - loadIPPluginJar : add cryp
2025-08-30 20:26:29,116 [INFO] IPUIPlugin:80 - create IPUIPlugin
2025-08-30 20:26:29,116 [INFO] PluginManager:220 - loadIPPluginJar : add ddr_ctrl_phy
2025-08-30 20:26:29,120 [INFO] IPUIPlugin:80 - create IPUIPlugin
2025-08-30 20:26:29,121 [INFO] PluginManager:220 - loadIPPluginJar : add dfsdm
2025-08-30 20:26:29,127 [INFO] IPUIPlugin:80 - create IPUIPlugin
2025-08-30 20:26:29,128 [INFO] PluginManager:220 - loadIPPluginJar : add dma
2025-08-30 20:26:29,131 [INFO] IPUIPlugin:80 - create IPUIPlugin
2025-08-30 20:26:29,132 [INFO] PluginManager:220 - loadIPPluginJar : add dma3
2025-08-30 20:26:29,136 [INFO] IPUIPlugin:80 - create IPUIPlugin
2025-08-30 20:26:29,136 [INFO] PluginManager:220 - loadIPPluginJar : add extmemmanager
2025-08-30 20:26:29,139 [INFO] IPUIPlugin:80 - create IPUIPlugin
2025-08-30 20:26:29,140 [INFO] PluginManager:220 - loadIPPluginJar : add fatfs
2025-08-30 20:26:29,146 [INFO] IPUIPlugin:80 - create IPUIPlugin
2025-08-30 20:26:29,146 [INFO] PluginManager:220 - loadIPPluginJar : add fmc
2025-08-30 20:26:29,155 [INFO] IPUIPlugin:80 - create IPUIPlugin
2025-08-30 20:26:29,155 [INFO] PluginManager:220 - loadIPPluginJar : add freertos
2025-08-30 20:26:29,157 [INFO] IPUIPlugin:80 - create IPUIPlugin
2025-08-30 20:26:29,157 [INFO] PluginManager:220 - loadIPPluginJar : add genericplugin
2025-08-30 20:26:29,160 [INFO] IPUIPlugin:80 - create IPUIPlugin
2025-08-30 20:26:29,160 [INFO] PluginManager:220 - loadIPPluginJar : add gfxmmu
2025-08-30 20:26:29,167 [INFO] IPUIPlugin:80 - create IPUIPlugin
2025-08-30 20:26:29,167 [INFO] PluginManager:220 - loadIPPluginJar : add gic
2025-08-30 20:26:29,172 [INFO] IPUIPlugin:80 - create IPUIPlugin
2025-08-30 20:26:29,173 [INFO] PluginManager:220 - loadIPPluginJar : add gpio
2025-08-30 20:26:29,175 [INFO] IPUIPlugin:80 - create IPUIPlugin
2025-08-30 20:26:29,176 [INFO] PluginManager:220 - loadIPPluginJar : add gtzc
2025-08-30 20:26:29,178 [INFO] IPUIPlugin:80 - create IPUIPlugin
2025-08-30 20:26:29,179 [INFO] PluginManager:220 - loadIPPluginJar : add hash
2025-08-30 20:26:29,182 [INFO] IPUIPlugin:80 - create IPUIPlugin
2025-08-30 20:26:29,182 [INFO] PluginManager:220 - loadIPPluginJar : add i2c
2025-08-30 20:26:29,186 [INFO] IPUIPlugin:80 - create IPUIPlugin
2025-08-30 20:26:29,186 [INFO] PluginManager:220 - loadIPPluginJar : add i2s
2025-08-30 20:26:29,190 [INFO] IPUIPlugin:80 - create IPUIPlugin
2025-08-30 20:26:29,190 [INFO] PluginManager:220 - loadIPPluginJar : add i3c
2025-08-30 20:26:29,194 [INFO] IPUIPlugin:80 - create IPUIPlugin
2025-08-30 20:26:29,194 [INFO] PluginManager:220 - loadIPPluginJar : add ipddr
2025-08-30 20:26:29,201 [INFO] IPUIPlugin:80 - create IPUIPlugin
2025-08-30 20:26:29,201 [INFO] PluginManager:220 - loadIPPluginJar : add linkedlist
2025-08-30 20:26:29,206 [INFO] IPUIPlugin:80 - create IPUIPlugin
2025-08-30 20:26:29,206 [INFO] PluginManager:220 - loadIPPluginJar : add lorawan
2025-08-30 20:26:29,208 [INFO] IPUIPlugin:80 - create IPUIPlugin
2025-08-30 20:26:29,209 [INFO] PluginManager:220 - loadIPPluginJar : add ltdc
2025-08-30 20:26:29,215 [INFO] IPUIPlugin:80 - create IPUIPlugin
2025-08-30 20:26:29,216 [INFO] PluginManager:220 - loadIPPluginJar : add mdma
2025-08-30 20:26:29,221 [INFO] IPUIPlugin:80 - create IPUIPlugin
2025-08-30 20:26:29,221 [INFO] PluginManager:220 - loadIPPluginJar : add nvic
2025-08-30 20:26:29,226 [INFO] IPUIPlugin:80 - create IPUIPlugin
2025-08-30 20:26:29,226 [INFO] PluginManager:220 - loadIPPluginJar : add opamp
2025-08-30 20:26:29,231 [INFO] IPUIPlugin:80 - create IPUIPlugin
2025-08-30 20:26:29,231 [INFO] PluginManager:220 - loadIPPluginJar : add openamp
2025-08-30 20:26:29,234 [INFO] IPUIPlugin:80 - create IPUIPlugin
2025-08-30 20:26:29,235 [INFO] PluginManager:220 - loadIPPluginJar : add pdm2pcm
2025-08-30 20:26:29,243 [INFO] IPUIPlugin:80 - create IPUIPlugin
2025-08-30 20:26:29,248 [INFO] PluginManager:220 - loadIPPluginJar : add plateformsettings
2025-08-30 20:26:29,250 [INFO] IPUIPlugin:80 - create IPUIPlugin
2025-08-30 20:26:29,251 [INFO] PluginManager:220 - loadIPPluginJar : add quadspi
2025-08-30 20:26:29,256 [INFO] IPUIPlugin:80 - create IPUIPlugin
2025-08-30 20:26:29,258 [INFO] PluginManager:220 - loadIPPluginJar : add radio
2025-08-30 20:26:29,261 [INFO] IPUIPlugin:80 - create IPUIPlugin
2025-08-30 20:26:29,262 [INFO] PluginManager:220 - loadIPPluginJar : add resmgrutility
2025-08-30 20:26:29,267 [INFO] IPUIPlugin:80 - create IPUIPlugin
2025-08-30 20:26:29,267 [INFO] PluginManager:220 - loadIPPluginJar : add sai
2025-08-30 20:26:29,271 [INFO] IPUIPlugin:80 - create IPUIPlugin
2025-08-30 20:26:29,271 [INFO] PluginManager:220 - loadIPPluginJar : add spi
2025-08-30 20:26:29,278 [INFO] IPUIPlugin:80 - create IPUIPlugin
2025-08-30 20:26:29,278 [INFO] PluginManager:220 - loadIPPluginJar : add stm32_wpan
2025-08-30 20:26:29,281 [INFO] IPUIPlugin:80 - create IPUIPlugin
2025-08-30 20:26:29,282 [INFO] PluginManager:220 - loadIPPluginJar : add tim
2025-08-30 20:26:29,286 [INFO] IPUIPlugin:80 - create IPUIPlugin
2025-08-30 20:26:29,287 [INFO] PluginManager:220 - loadIPPluginJar : add touchsensing
2025-08-30 20:26:29,289 [INFO] IPUIPlugin:80 - create IPUIPlugin
2025-08-30 20:26:29,289 [INFO] PluginManager:220 - loadIPPluginJar : add tracer_emb
2025-08-30 20:26:29,292 [INFO] IPUIPlugin:80 - create IPUIPlugin
2025-08-30 20:26:29,292 [INFO] PluginManager:220 - loadIPPluginJar : add ts
2025-08-30 20:26:29,295 [INFO] IPUIPlugin:80 - create IPUIPlugin
2025-08-30 20:26:29,295 [INFO] PluginManager:220 - loadIPPluginJar : add tsc
2025-08-30 20:26:29,298 [INFO] IPUIPlugin:80 - create IPUIPlugin
2025-08-30 20:26:29,298 [INFO] PluginManager:220 - loadIPPluginJar : add ucpd
2025-08-30 20:26:29,302 [INFO] IPUIPlugin:80 - create IPUIPlugin
2025-08-30 20:26:29,302 [INFO] PluginManager:220 - loadIPPluginJar : add usart
2025-08-30 20:26:29,306 [INFO] IPUIPlugin:80 - create IPUIPlugin
2025-08-30 20:26:29,306 [INFO] PluginManager:220 - loadIPPluginJar : add usbx
2025-08-30 20:26:29,472 [FATAL] Updater:351 - Updater called before beeing initialized
2025-08-30 20:26:29,503 [INFO] RulesReader:64 - Compatibility file has been processed (302 Rules)
2025-08-30 20:26:29,516 [INFO] RulesReader:64 - Compatibility file has been processed (302 Rules)
2025-08-30 20:26:29,526 [INFO] CADModel:165 - CPN selected for project level
2025-08-30 20:26:29,526 [INFO] CADModel:114 - Register for checkConnection events
2025-08-30 20:26:29,526 [FATAL] Updater:351 - Updater called before beeing initialized
2025-08-30 20:26:29,526 [ERROR] CADModel:125 - Updater not yet initialized, retry later 
2025-08-30 20:26:29,699 [FATAL] Updater:351 - Updater called before beeing initialized
2025-08-30 20:26:29,701 [INFO] CADModel:165 - CPN selected for project level
2025-08-30 20:26:29,701 [INFO] CADModel:114 - Register for checkConnection events
2025-08-30 20:26:29,701 [FATAL] Updater:351 - Updater called before beeing initialized
2025-08-30 20:26:29,701 [ERROR] CADModel:125 - Updater not yet initialized, retry later 
2025-08-30 20:26:29,705 [FATAL] Updater:351 - Updater called before beeing initialized
2025-08-30 20:26:29,871 [FATAL] Updater:351 - Updater called before beeing initialized
2025-08-30 20:26:29,877 [INFO] DbMcusAds:53 - JSON generation date=Thu Jun 19 10:32:34 CEST 2025 (1750321954384)
2025-08-30 20:26:29,877 [FATAL] Updater:351 - Updater called before beeing initialized
2025-08-30 20:26:29,927 [WARN] DetailPanel:346 - Failed to get advertising image, set to default
2025-08-30 20:26:30,195 [FATAL] Updater:351 - Updater called before beeing initialized
2025-08-30 20:26:30,197 [FATAL] Updater:351 - Updater called before beeing initialized
2025-08-30 20:26:30,197 [FATAL] Updater:351 - Updater called before beeing initialized
2025-08-30 20:26:30,197 [WARN] DetailPanel:346 - Failed to get advertising image, set to default
2025-08-30 20:26:30,198 [FATAL] Updater:351 - Updater called before beeing initialized
2025-08-30 20:26:30,247 [ERROR] Updater:1198 - MainUpdater not yet initialized. External WinMGr cannot be set.
2025-08-30 20:26:30,250 [INFO] Updater:1134 - Updater Version found : 6.14.1
2025-08-30 20:26:30,263 [INFO] ApplicationProperties:184 - Using Application install path: C:\ST\STM32CubeIDE_1.10.1\STM32CubeIDE\plugins\com.st.stm32cube.common.mx_6.14.1.202504091515
2025-08-30 20:26:31,302 [INFO] ThirdPartyUpdaterWithRetryManager:70 - Updater plugin not ready yet. [2/15]
2025-08-30 20:26:31,839 [ERROR] LogOutputStream:75 - [STDERR_REDIRECT] Aug 30, 2025 8:26:31 PM java.util.prefs.WindowsPreferences <init>
2025-08-30 20:26:31,840 [ERROR] LogOutputStream:75 - [STDERR_REDIRECT] WARNING: Could not open/create prefs root node Software\JavaSoft\Prefs at root 0xffffffff80000002. Windows RegCreateKeyEx(...) returned error code 5.
2025-08-30 20:26:31,841 [ERROR] LogOutputStream:75 - [STDERR_REDIRECT] 
2025-08-30 20:26:32,092 [INFO] MainUpdater:2872 - connection check result : 10
2025-08-30 20:26:32,092 [INFO] MainUpdater:3566 - Updater definition file requires update
2025-08-30 20:26:32,093 [INFO] MainUpdater:289 - Updater Check For Update Now.
2025-08-30 20:26:32,093 [INFO] MicroXplorer:498 - Change Database Version : DB.6.0.141
2025-08-30 20:26:32,100 [INFO] McuFinderGlobals:63 - Set McuFinder mode to 2 (CubeIDE integrated)
2025-08-30 20:26:32,100 [INFO] UserAuth:171 - activating auth plugin
2025-08-30 20:26:32,102 [INFO] UserAuth:484 - Internet connection configuration mode: 1
2025-08-30 20:26:32,118 [INFO] JxBrowserEngine:152 - Initiate JxBrowser Engine with user profile folder
2025-08-30 20:26:32,119 [INFO] ServerAccessManage:473 - Download File updaters.zip
2025-08-30 20:26:32,203 [INFO] FileExtend:242 - Unzip File : updaters.zip
2025-08-30 20:26:32,203 [INFO] FileExtend:257 - Standard Zip Deflate
2025-08-30 20:26:32,958 [INFO] ServerAccessManage:473 - Download File PacksControlFlags.xml
2025-08-30 20:26:33,044 [INFO] ServerAccessManage:473 - Download File cubemx.pidx
2025-08-30 20:26:33,200 [INFO] LoadServerUpdatesThread:375 - End of LoadServerUpdate Thread
2025-08-30 20:26:33,389 [INFO] CheckServerUpdateThread:120 - End of CheckServer Thread
2025-08-30 20:26:33,453 [INFO] WebApp:169 - Instantiating new browser for Auth
2025-08-30 20:26:34,809 [WARN] PackLoader:240 - Cannot read IP mode file for STMicroelectronics.FP-SNS-MOTENVWB1.1.4.0
2025-08-30 20:26:34,822 [WARN] PackLoader:240 - Cannot read IP mode file for STMicroelectronics.FP-ATR-ASTRA1.2.0.2
2025-08-30 20:26:34,832 [WARN] PackLoader:240 - Cannot read IP mode file for STMicroelectronics.X-CUBE-SMBUS.2.1.0
2025-08-30 20:26:34,839 [WARN] PackLoader:240 - Cannot read IP mode file for STMicroelectronics.X-CUBE-ST60.1.0.0
2025-08-30 20:26:34,848 [WARN] PackLoader:240 - Cannot read IP mode file for STMicroelectronics.X-CUBE-TOUCHGFX.4.23.1
2025-08-30 20:26:34,853 [WARN] PackLoader:240 - Cannot read IP mode file for STMicroelectronics.X-CUBE-TOUCHGFX.4.23.0
2025-08-30 20:26:34,857 [WARN] PackLoader:240 - Cannot read IP mode file for STMicroelectronics.X-CUBE-TOUCHGFX.4.23.2
2025-08-30 20:26:34,895 [WARN] PackLoader:240 - Cannot read IP mode file for STMicroelectronics.X-CUBE-AZRTOS-F7.1.1.0
2025-08-30 20:26:34,909 [INFO] WebApp:463 - Apply proxy settings
2025-08-30 20:26:34,909 [WARN] PackLoader:240 - Cannot read IP mode file for STMicroelectronics.FP-SNS-MOTENV1.4.3.2
2025-08-30 20:26:34,909 [INFO] WebApp:548 - Chromium requires no authentication
2025-08-30 20:26:34,923 [WARN] PackLoader:240 - Cannot read IP mode file for STMicroelectronics.FP-SNS-FLIGHT1.5.0.2
2025-08-30 20:26:34,923 [INFO] WebApp:491 - Direct internet connection detected
2025-08-30 20:26:34,935 [WARN] PackLoader:240 - Cannot read IP mode file for STMicroelectronics.X-CUBE-DISPLAY.3.0.0
2025-08-30 20:26:34,951 [WARN] PackLoader:240 - Cannot read IP mode file for STMicroelectronics.X-CUBE-BLE1.7.0.0
2025-08-30 20:26:34,963 [WARN] PackLoader:240 - Cannot read IP mode file for STMicroelectronics.X-CUBE-NFC10.1.0.0
2025-08-30 20:26:34,963 [INFO] WebApp:894 - Register for checkConnection events
2025-08-30 20:26:34,965 [INFO] WebApp:463 - Apply proxy settings
2025-08-30 20:26:34,965 [INFO] WebApp:548 - Chromium requires no authentication
2025-08-30 20:26:34,965 [INFO] WebApp:491 - Direct internet connection detected
2025-08-30 20:26:34,979 [WARN] PackLoader:240 - Cannot read IP mode file for STMicroelectronics.X-CUBE-BLEMGR.4.0.0
2025-08-30 20:26:34,994 [WARN] PackLoader:240 - Cannot read IP mode file for emotas.I-CUBE-CANOPEN.1.3.0
2025-08-30 20:26:35,003 [WARN] ConditionMgr:438 - getConditionDescription Invalid condition id : Cortex-A Device cause : null
2025-08-30 20:26:35,023 [WARN] ConditionMgr:1044 - genDependencies : Invalid condition id : Cortex-A Device cause : null
2025-08-30 20:26:35,023 [WARN] ConditionMgr:1044 - genDependencies : Invalid condition id : Cortex-A Device cause : null
2025-08-30 20:26:35,023 [WARN] ConditionMgr:1044 - genDependencies : Invalid condition id : Cortex-A Device cause : null
2025-08-30 20:26:35,035 [WARN] PackLoader:240 - Cannot read IP mode file for STMicroelectronics.X-CUBE-BLEMGR.3.1.0
2025-08-30 20:26:35,045 [WARN] PackLoader:240 - Cannot read IP mode file for STMicroelectronics.X-CUBE-AI.10.0.0
2025-08-30 20:26:35,053 [WARN] PackLoader:240 - Cannot read IP mode file for STMicroelectronics.FP-SNS-SMARTAG2.1.2.0
2025-08-30 20:26:35,058 [WARN] PackLoader:240 - Cannot read IP mode file for STMicroelectronics.FP-SNS-FLIGHT1.5.1.0
2025-08-30 20:26:35,069 [INFO] LogOutputStream:77 - [STDOUT_REDIRECT] 1 : Invalid condition id : UX_CORESTACK_Condition cause : null
2025-08-30 20:26:35,070 [INFO] LogOutputStream:77 - [STDOUT_REDIRECT] 1 : Invalid condition id : UX_CORESTACK_Condition cause : null
2025-08-30 20:26:35,072 [INFO] LogOutputStream:77 - [STDOUT_REDIRECT] 1 : Invalid condition id : UX_CORESTACK_Condition cause : null
2025-08-30 20:26:35,074 [INFO] LogOutputStream:77 - [STDOUT_REDIRECT] 1 : Invalid condition id : UX_CORESTACK_Condition cause : null
2025-08-30 20:26:35,075 [INFO] LogOutputStream:77 - [STDOUT_REDIRECT] 1 : Invalid condition id : UX_CORESTACK_Condition cause : null
2025-08-30 20:26:35,078 [WARN] PackLoader:240 - Cannot read IP mode file for STMicroelectronics.X-CUBE-AZRTOS-WL.2.0.0
2025-08-30 20:26:35,085 [WARN] PackLoader:240 - Cannot read IP mode file for STMicroelectronics.FP-SNS-MOTENV1.5.0.0
2025-08-30 20:26:35,094 [WARN] PackLoader:240 - Cannot read IP mode file for wolfSSL.I-CUBE-wolfMQTT.1.19.0
2025-08-30 20:26:35,105 [WARN] PackLoader:240 - Cannot read IP mode file for WES.I-CUBE-Cesium.1.3.0
2025-08-30 20:26:35,113 [WARN] PackLoader:240 - Cannot read IP mode file for STMicroelectronics.X-CUBE-BLE2.3.3.0
2025-08-30 20:26:35,123 [WARN] PackLoader:240 - Cannot read IP mode file for STMicroelectronics.X-CUBE-NFC9.1.0.0
2025-08-30 20:26:35,130 [WARN] PackLoader:240 - Cannot read IP mode file for STMicroelectronics.X-CUBE-BLE1.7.1.0
2025-08-30 20:26:35,139 [WARN] PackLoader:240 - Cannot read IP mode file for STMicroelectronics.X-CUBE-TCPP.4.1.0
2025-08-30 20:26:35,147 [WARN] PackLoader:240 - Cannot read IP mode file for STMicroelectronics.X-CUBE-AI.10.1.0
2025-08-30 20:26:35,157 [WARN] PackLoader:240 - Cannot read IP mode file for STMicroelectronics.X-CUBE-ALGOBUILD.1.3.0
2025-08-30 20:26:35,217 [WARN] PackLoader:240 - Cannot read IP mode file for STMicroelectronics.X-CUBE-MEMS1.11.2.0
2025-08-30 20:26:35,257 [INFO] WebApp:225 - Starting web application
2025-08-30 20:26:35,257 [INFO] WebApp:593 - Web application path used C:\ST\STM32CubeIDE_1.10.1\STM32CubeIDE\plugins\com.st.stm32cube.common.mx_6.14.1.202504091515\db\plugins\mcufinder\reactClient1\index.html
2025-08-30 20:26:35,280 [INFO] WebApp:191 - Connection restablished
2025-08-30 20:26:35,442 [WARN] PackLoader:240 - Cannot read IP mode file for STMicroelectronics.X-CUBE-AZRTOS-G0.1.1.0
2025-08-30 20:26:35,454 [WARN] PackLoader:240 - Cannot read IP mode file for STMicroelectronics.X-CUBE-SAFEA1.1.2.2
2025-08-30 20:26:35,463 [WARN] PackLoader:240 - Cannot read IP mode file for STMicroelectronics.X-CUBE-NFC4.3.0.0
2025-08-30 20:26:35,477 [WARN] PackLoader:240 - Cannot read IP mode file for EmbeddedOffice.I-CUBE-FS-RTOS.1.0.1
2025-08-30 20:26:35,487 [WARN] PackLoader:240 - Cannot read IP mode file for STMicroelectronics.X-CUBE-WB05N.2.0.0
2025-08-30 20:26:35,498 [WARN] PackLoader:240 - Cannot read IP mode file for STMicroelectronics.X-CUBE-BLEMGR.3.0.0
2025-08-30 20:26:35,507 [WARN] PackLoader:240 - Cannot read IP mode file for STMicroelectronics.X-CUBE-TCPP.4.2.0
2025-08-30 20:26:35,521 [WARN] PackLoader:240 - Cannot read IP mode file for RealThread.X-CUBE-RT-Thread_Nano.4.1.1
2025-08-30 20:26:35,529 [WARN] PackLoader:240 - Cannot read IP mode file for STMicroelectronics.FP-ATR-SIGFOX1.3.2.0
2025-08-30 20:26:35,542 [WARN] PackLoader:240 - Cannot read IP mode file for STMicroelectronics.X-CUBE-EEPRMA1.5.1.0
2025-08-30 20:26:35,555 [WARN] PackLoader:240 - Cannot read IP mode file for STMicroelectronics.X-CUBE-ST67W61.1.0.0
2025-08-30 20:26:35,591 [WARN] PackLoader:240 - Cannot read IP mode file for SEGGER.I-CUBE-embOS.1.3.1
2025-08-30 20:26:35,637 [WARN] PackLoader:240 - Cannot read IP mode file for STMicroelectronics.X-CUBE-ALGOBUILD.1.4.0
2025-08-30 20:26:35,689 [WARN] PackLoader:240 - Cannot read IP mode file for STMicroelectronics.X-CUBE-MEMS1.11.3.0
2025-08-30 20:26:35,823 [WARN] PackLoader:240 - Cannot read IP mode file for STMicroelectronics.X-CUBE-PM33A1.1.0.0
2025-08-30 20:26:35,832 [WARN] PackLoader:240 - Cannot read IP mode file for STMicroelectronics.X-CUBE-GNSS1.6.0.0
2025-08-30 20:26:35,852 [WARN] PackLoader:240 - Cannot read IP mode file for STMicroelectronics.X-CUBE-AZRTOS-F4.1.1.0
2025-08-30 20:26:35,863 [WARN] PackLoader:240 - Cannot read IP mode file for Avnet-IotConnect.X-CUBE-IoTC-DA16k-PMOD.1.0.0
2025-08-30 20:26:35,870 [WARN] PackLoader:240 - Cannot read IP mode file for STMicroelectronics.X-CUBE-ISPU.2.1.0
2025-08-30 20:26:35,880 [WARN] PackLoader:240 - Cannot read IP mode file for STMicroelectronics.X-CUBE-FREERTOS.1.2.0
2025-08-30 20:26:35,888 [WARN] PackLoader:240 - Cannot read IP mode file for wolfSSL.I-CUBE-wolfSSL.5.6.6
2025-08-30 20:26:35,920 [WARN] PackLoader:240 - Cannot read IP mode file for STMicroelectronics.X-CUBE-AZRTOS-L5.2.0.0
2025-08-30 20:26:35,970 [WARN] PackLoader:240 - Cannot read IP mode file for STMicroelectronics.X-CUBE-NFC6.3.1.0
2025-08-30 20:26:35,987 [WARN] PackLoader:240 - Cannot read IP mode file for ITTIA_DB.I-CUBE-ITTIADB.8.8.0
2025-08-30 20:26:36,004 [WARN] PackLoader:240 - Cannot read IP mode file for STMicroelectronics.X-CUBE-DPower.1.2.0
2025-08-30 20:26:36,019 [WARN] PackLoader:240 - Cannot read IP mode file for STMicroelectronics.X-CUBE-AI.9.0.0
2025-08-30 20:26:36,028 [WARN] PackLoader:240 - Cannot read IP mode file for STMicroelectronics.X-CUBE-FREERTOS.1.3.1
2025-08-30 20:26:36,054 [WARN] PackLoader:240 - Cannot read IP mode file for STMicroelectronics.X-CUBE-FREERTOS.1.3.0
2025-08-30 20:26:36,073 [WARN] PackLoader:240 - Cannot read IP mode file for STMicroelectronics.X-CUBE-NFC7.1.0.1
2025-08-30 20:26:36,106 [WARN] PackLoader:240 - Cannot read IP mode file for wolfSSL.I-CUBE-wolfTPM.3.2.0
2025-08-30 20:26:36,117 [WARN] PackLoader:240 - Cannot read IP mode file for STMicroelectronics.X-CUBE-NFC6.3.0.0
2025-08-30 20:26:36,127 [WARN] PackLoader:240 - Cannot read IP mode file for STMicroelectronics.X-CUBE-DPower.1.3.0
2025-08-30 20:26:36,134 [WARN] PackLoader:240 - Cannot read IP mode file for STMicroelectronics.X-CUBE-AI.8.1.0
2025-08-30 20:26:36,154 [WARN] ConditionMgr:438 - getConditionDescription Invalid condition id : LAN8742 Phy interface Condition cause : null
2025-08-30 20:26:36,155 [WARN] PackLoader:240 - Cannot read IP mode file for STMicroelectronics.X-CUBE-AZRTOS-L4.2.0.0
2025-08-30 20:26:36,157 [WARN] ConditionMgr:1044 - genDependencies : Invalid condition id : LAN8742 Phy interface Condition cause : null
2025-08-30 20:26:36,157 [WARN] ConditionMgr:1044 - genDependencies : Invalid condition id : LAN8742 Phy interface Condition cause : null
2025-08-30 20:26:36,158 [WARN] ConditionMgr:1044 - genDependencies : Invalid condition id : LAN8742 Phy interface Condition cause : null
2025-08-30 20:26:36,170 [WARN] PackLoader:240 - Cannot read IP mode file for STMicroelectronics.X-CUBE-SFXS2LP1.4.0.0
2025-08-30 20:26:36,197 [WARN] PackLoader:240 - Cannot read IP mode file for STMicroelectronics.X-CUBE-AZRTOS-H7.3.3.0
2025-08-30 20:26:36,217 [WARN] ConditionMgr:438 - getConditionDescription Invalid condition id : UX DEVICE CLASS RTOS Condition cause : null
2025-08-30 20:26:36,218 [WARN] ConditionMgr:438 - getConditionDescription Invalid condition id : UX DEVICE CLASS RTOS Condition cause : null
2025-08-30 20:26:36,220 [WARN] PackLoader:240 - Cannot read IP mode file for STMicroelectronics.X-CUBE-AZRTOS-WB.2.0.0
2025-08-30 20:26:36,221 [WARN] ConditionMgr:1044 - genDependencies : Invalid condition id : UX DEVICE CLASS RTOS Condition cause : null
2025-08-30 20:26:36,221 [WARN] ConditionMgr:1044 - genDependencies : Invalid condition id : UX DEVICE CLASS RTOS Condition cause : null
2025-08-30 20:26:36,221 [WARN] ConditionMgr:1044 - genDependencies : Invalid condition id : UX DEVICE CLASS RTOS Condition cause : null
2025-08-30 20:26:36,222 [WARN] ConditionMgr:1044 - genDependencies : Invalid condition id : UX DEVICE CLASS RTOS Condition cause : null
2025-08-30 20:26:36,222 [WARN] ConditionMgr:1044 - genDependencies : Invalid condition id : UX DEVICE CLASS RTOS Condition cause : null
2025-08-30 20:26:36,229 [WARN] PackLoader:240 - Cannot read IP mode file for STMicroelectronics.X-CUBE-GNSS1.7.0.1
2025-08-30 20:26:36,236 [WARN] PackLoader:240 - Cannot read IP mode file for STMicroelectronics.X-CUBE-TOUCHGFX.4.25.0
2025-08-30 20:26:36,246 [WARN] PackLoader:240 - Cannot read IP mode file for STMicroelectronics.FP-SNS-STBOX1.2.0.0
2025-08-30 20:26:36,261 [WARN] PackLoader:240 - Cannot read IP mode file for STMicroelectronics.X-CUBE-SUBG2.5.0.0
2025-08-30 20:26:36,288 [WARN] PackLoader:240 - Cannot read IP mode file for STMicroelectronics.X-CUBE-AZRTOS-H7RS.1.1.0
2025-08-30 20:26:36,300 [WARN] PackLoader:240 - Cannot read IP mode file for Cesanta.I-CUBE-Mongoose.7.13.0
2025-08-30 20:26:36,320 [WARN] PackLoader:240 - Cannot read IP mode file for STMicroelectronics.X-CUBE-AZRTOS-G4.2.0.0
2025-08-30 20:26:36,339 [WARN] PackLoader:240 - Cannot read IP mode file for Infineon.AIROC-Wi-Fi-Bluetooth-STM32.1.5.1
2025-08-30 20:26:36,348 [WARN] PackLoader:240 - Cannot read IP mode file for STMicroelectronics.X-CUBE-NFC7.2.0.0
2025-08-30 20:26:36,355 [WARN] PackLoader:240 - Cannot read IP mode file for STMicroelectronics.FP-SNS-MOTENVWB1.1.3.1
2025-08-30 20:26:36,360 [WARN] PackLoader:240 - Cannot read IP mode file for STMicroelectronics.X-CUBE-ISPU.2.0.0
2025-08-30 20:26:36,377 [WARN] PackLoader:240 - Cannot read IP mode file for STMicroelectronics.X-CUBE-IPS.3.1.0
2025-08-30 20:26:36,390 [WARN] PackLoader:240 - Cannot read IP mode file for STMicroelectronics.X-CUBE-ALS.1.0.2
2025-08-30 20:26:36,432 [WARN] PackLoader:240 - Cannot read IP mode file for STMicroelectronics.X-CUBE-MEMS1.10.0.0
2025-08-30 20:26:36,542 [WARN] PackLoader:240 - Cannot read IP mode file for STMicroelectronics.X-CUBE-FREERTOS.1.1.0
2025-08-30 20:26:36,547 [WARN] PackLoader:240 - Cannot read IP mode file for STMicroelectronics.X-CUBE-TOUCHGFX.4.24.0
2025-08-30 20:26:36,556 [WARN] PackLoader:240 - Cannot read IP mode file for portGmbH.I-Cube-SoM-uGOAL.1.1.0
2025-08-30 20:26:36,562 [WARN] PackLoader:240 - Cannot read IP mode file for STMicroelectronics.X-CUBE-ALS.1.0.1
2025-08-30 20:26:36,580 [WARN] PackLoader:240 - Cannot read IP mode file for STMicroelectronics.X-CUBE-AZRTOS-H7RS.1.0.0
2025-08-30 20:26:36,602 [WARN] PackLoader:240 - Cannot read IP mode file for STMicroelectronics.FP-ATR-ASTRA1.2.0.0
2025-08-30 20:26:36,619 [WARN] PackLoader:240 - Cannot read IP mode file for STMicroelectronics.X-CUBE-TOF1.3.4.3
2025-08-30 20:26:36,640 [WARN] PackLoader:240 - Cannot read IP mode file for STMicroelectronics.X-CUBE-TOF1.3.4.0
2025-08-30 20:26:36,659 [WARN] PackLoader:240 - Cannot read IP mode file for STMicroelectronics.X-CUBE-TOF1.3.4.1
2025-08-30 20:26:36,687 [WARN] PackLoader:240 - Cannot read IP mode file for STMicroelectronics.X-CUBE-AZRTOS-H7.3.2.0
2025-08-30 20:26:36,696 [WARN] PackLoader:240 - Cannot read IP mode file for wolfSSL.I-CUBE-wolfSSH.1.4.17
2025-08-30 20:26:36,698 [INFO] ThirdParty:978 - Integrity check success = true
2025-08-30 20:26:36,698 [INFO] IntegrityCheckThread:100 - exiting critical section [integrity check]
2025-08-30 20:26:36,698 [INFO] IntegrityCheckThread:103 - End integrity checks thread
